<?xml version="1.0" encoding="UTF-8"?>
<!-- Generated by org.testng.reporters.JUnitReportReporter -->
<testsuite hostname="DESKTOP-78J31B7" failures="0" tests="2" name="com.qa.tests.ProductTests" time="88.086" errors="0" timestamp="2023-10-03T16:12:55 GST" skipped="0">
  <testcase classname="com.qa.tests.ProductTests" name="validateProductOnProductDetailsPage" time="55.315"/>
  <testcase classname="com.qa.tests.ProductTests" name="validateProductOnProductsPage" time="32.771"/>
</testsuite> <!-- com.qa.tests.ProductTests -->
